2022-06-27 10:31:55.575  INFO 10412 --- [restartedMain] o.c.c.CommonScentsApplication            : Starting CommonScentsApplication using Java 17.0.1 on DESKTOP-IE428IH with PID 10412 (C:\Users\CJ\Documents\eclipse-workspace\Common_Scents_Testing2\Common_Scents\target\classes started by CJ in C:\Users\CJ\Documents\eclipse-workspace\Common_Scents_Testing2\Common_Scents)
2022-06-27 10:31:55.575  INFO 10412 --- [restartedMain] o.c.c.CommonScentsApplication            : No active profile set, falling back to 1 default profile: "default"
2022-06-27 10:31:55.836  INFO 10412 --- [restartedMain] .s.d.r.c.RepositoryConfigurationDelegate : Bootstrapping Spring Data JPA repositories in DEFAULT mode.
2022-06-27 10:31:55.863  INFO 10412 --- [restartedMain] .s.d.r.c.RepositoryConfigurationDelegate : Finished Spring Data repository scanning in 26 ms. Found 4 JPA repository interfaces.
2022-06-27 10:31:55.997  INFO 10412 --- [restartedMain] o.s.b.w.embedded.tomcat.TomcatWebServer  : Tomcat initialized with port(s): 8080 (http)
2022-06-27 10:31:55.997  INFO 10412 --- [restartedMain] o.apache.catalina.core.StandardService   : Starting service [Tomcat]
2022-06-27 10:31:55.997  INFO 10412 --- [restartedMain] org.apache.catalina.core.StandardEngine  : Starting Servlet engine: [Apache Tomcat/9.0.63]
2022-06-27 10:31:56.018  INFO 10412 --- [restartedMain] o.a.c.c.C.[Tomcat].[localhost].[/]       : Initializing Spring embedded WebApplicationContext
2022-06-27 10:31:56.019  INFO 10412 --- [restartedMain] w.s.c.ServletWebServerApplicationContext : Root WebApplicationContext: initialization completed in 440 ms
2022-06-27 10:31:56.059 DEBUG 10412 --- [restartedMain] j.LocalContainerEntityManagerFactoryBean : Building JPA container EntityManagerFactory for persistence unit 'default'
2022-06-27 10:31:56.059  INFO 10412 --- [restartedMain] o.hibernate.jpa.internal.util.LogHelper  : HHH000204: Processing PersistenceUnitInfo [name: default]
2022-06-27 10:31:56.065  INFO 10412 --- [restartedMain] com.zaxxer.hikari.HikariDataSource       : HikariPool-2 - Starting...
2022-06-27 10:31:56.069  INFO 10412 --- [restartedMain] com.zaxxer.hikari.HikariDataSource       : HikariPool-2 - Start completed.
2022-06-27 10:31:56.070  INFO 10412 --- [restartedMain] org.hibernate.dialect.Dialect            : HHH000400: Using dialect: org.hibernate.dialect.MariaDB53Dialect
2022-06-27 10:31:56.218  INFO 10412 --- [restartedMain] o.h.e.t.j.p.i.JtaPlatformInitiator       : HHH000490: Using JtaPlatform implementation: [org.hibernate.engine.transaction.jta.platform.internal.NoJtaPlatform]
2022-06-27 10:31:56.219  INFO 10412 --- [restartedMain] j.LocalContainerEntityManagerFactoryBean : Initialized JPA EntityManagerFactory for persistence unit 'default'
2022-06-27 10:31:56.256 DEBUG 10412 --- [restartedMain] tor$SharedEntityManagerInvocationHandler : Creating new EntityManager for shared EntityManager invocation
2022-06-27 10:31:56.286 DEBUG 10412 --- [restartedMain] tor$SharedEntityManagerInvocationHandler : Creating new EntityManager for shared EntityManager invocation
2022-06-27 10:31:56.307 DEBUG 10412 --- [restartedMain] tor$SharedEntityManagerInvocationHandler : Creating new EntityManager for shared EntityManager invocation
2022-06-27 10:31:56.309 DEBUG 10412 --- [restartedMain] tor$SharedEntityManagerInvocationHandler : Creating new EntityManager for shared EntityManager invocation
2022-06-27 10:31:56.318 DEBUG 10412 --- [restartedMain] tor$SharedEntityManagerInvocationHandler : Creating new EntityManager for shared EntityManager invocation
2022-06-27 10:31:56.358  WARN 10412 --- [restartedMain] JpaBaseConfiguration$JpaWebConfiguration : spring.jpa.open-in-view is enabled by default. Therefore, database queries may be performed during view rendering. Explicitly configure spring.jpa.open-in-view to disable this warning
2022-06-27 10:31:56.376 DEBUG 10412 --- [restartedMain] tor$SharedEntityManagerInvocationHandler : Creating new EntityManager for shared EntityManager invocation
2022-06-27 10:31:56.377 DEBUG 10412 --- [restartedMain] tor$SharedEntityManagerInvocationHandler : Creating new EntityManager for shared EntityManager invocation
2022-06-27 10:31:56.388 DEBUG 10412 --- [restartedMain] tor$SharedEntityManagerInvocationHandler : Creating new EntityManager for shared EntityManager invocation
2022-06-27 10:31:56.400 DEBUG 10412 --- [restartedMain] tor$SharedEntityManagerInvocationHandler : Creating new EntityManager for shared EntityManager invocation
2022-06-27 10:31:56.401 DEBUG 10412 --- [restartedMain] tor$SharedEntityManagerInvocationHandler : Creating new EntityManager for shared EntityManager invocation
2022-06-27 10:31:56.416 DEBUG 10412 --- [restartedMain] tor$SharedEntityManagerInvocationHandler : Creating new EntityManager for shared EntityManager invocation
2022-06-27 10:31:56.442  INFO 10412 --- [restartedMain] o.s.s.web.DefaultSecurityFilterChain     : Will secure any request with [org.springframework.security.web.session.DisableEncodeUrlFilter@18a0476f, org.springframework.security.web.context.request.async.WebAsyncManagerIntegrationFilter@106f4aae, org.springframework.security.web.context.SecurityContextPersistenceFilter@5d1c7c42, org.springframework.security.web.header.HeaderWriterFilter@6ca2f4a6, org.springframework.security.web.csrf.CsrfFilter@1759717e, org.springframework.security.web.authentication.logout.LogoutFilter@60c74245, org.springframework.security.web.authentication.UsernamePasswordAuthenticationFilter@40cff62c, org.springframework.security.web.savedrequest.RequestCacheAwareFilter@3585aeee, org.springframework.security.web.servletapi.SecurityContextHolderAwareRequestFilter@4ef97b3c, org.springframework.security.web.authentication.AnonymousAuthenticationFilter@3a259129, org.springframework.security.web.session.SessionManagementFilter@1122f9f, org.springframework.security.web.access.ExceptionTranslationFilter@6cf08037, org.springframework.security.web.access.intercept.FilterSecurityInterceptor@63692133]
2022-06-27 10:31:56.500  INFO 10412 --- [restartedMain] o.s.b.a.w.s.WelcomePageHandlerMapping    : Adding welcome page template: index
2022-06-27 10:31:56.574  INFO 10412 --- [restartedMain] o.s.b.d.a.OptionalLiveReloadServer       : LiveReload server is running on port 35729
2022-06-27 10:31:56.595  INFO 10412 --- [restartedMain] o.s.b.w.embedded.tomcat.TomcatWebServer  : Tomcat started on port(s): 8080 (http) with context path ''
2022-06-27 10:31:56.600  INFO 10412 --- [restartedMain] o.c.c.CommonScentsApplication            : Started CommonScentsApplication in 1.095 seconds (JVM running for 227.965)
2022-06-27 10:31:56.603  INFO 10412 --- [restartedMain] .ConditionEvaluationDeltaLoggingListener : Condition evaluation unchanged
2022-06-27 10:32:17.228  INFO 13548 --- [restartedMain] o.c.c.CommonScentsApplication            : Starting CommonScentsApplication using Java 17.0.1 on DESKTOP-IE428IH with PID 13548 (C:\Users\CJ\Documents\eclipse-workspace\Common_Scents_Testing2\Common_Scents\target\classes started by CJ in C:\Users\CJ\Documents\eclipse-workspace\Common_Scents_Testing2\Common_Scents)
2022-06-27 10:32:17.230  INFO 13548 --- [restartedMain] o.c.c.CommonScentsApplication            : No active profile set, falling back to 1 default profile: "default"
2022-06-27 10:32:17.289  INFO 13548 --- [restartedMain] .e.DevToolsPropertyDefaultsPostProcessor : Devtools property defaults active! Set 'spring.devtools.add-properties' to 'false' to disable
2022-06-27 10:32:17.289  INFO 13548 --- [restartedMain] .e.DevToolsPropertyDefaultsPostProcessor : For additional web related logging consider setting the 'logging.level.web' property to 'DEBUG'
2022-06-27 10:32:18.212  INFO 13548 --- [restartedMain] .s.d.r.c.RepositoryConfigurationDelegate : Bootstrapping Spring Data JPA repositories in DEFAULT mode.
2022-06-27 10:32:18.299  INFO 13548 --- [restartedMain] .s.d.r.c.RepositoryConfigurationDelegate : Finished Spring Data repository scanning in 69 ms. Found 4 JPA repository interfaces.
2022-06-27 10:32:19.188  INFO 13548 --- [restartedMain] o.s.b.w.embedded.tomcat.TomcatWebServer  : Tomcat initialized with port(s): 8080 (http)
2022-06-27 10:32:19.204  INFO 13548 --- [restartedMain] o.apache.catalina.core.StandardService   : Starting service [Tomcat]
2022-06-27 10:32:19.205  INFO 13548 --- [restartedMain] org.apache.catalina.core.StandardEngine  : Starting Servlet engine: [Apache Tomcat/9.0.63]
2022-06-27 10:32:19.337  INFO 13548 --- [restartedMain] o.a.c.c.C.[Tomcat].[localhost].[/]       : Initializing Spring embedded WebApplicationContext
2022-06-27 10:32:19.338  INFO 13548 --- [restartedMain] w.s.c.ServletWebServerApplicationContext : Root WebApplicationContext: initialization completed in 2047 ms
2022-06-27 10:32:19.493 DEBUG 13548 --- [restartedMain] j.LocalContainerEntityManagerFactoryBean : Building JPA container EntityManagerFactory for persistence unit 'default'
2022-06-27 10:32:19.516  INFO 13548 --- [restartedMain] o.hibernate.jpa.internal.util.LogHelper  : HHH000204: Processing PersistenceUnitInfo [name: default]
2022-06-27 10:32:19.566  INFO 13548 --- [restartedMain] org.hibernate.Version                    : HHH000412: Hibernate ORM core version 5.6.9.Final
2022-06-27 10:32:19.744  INFO 13548 --- [restartedMain] o.hibernate.annotations.common.Version   : HCANN000001: Hibernate Commons Annotations {5.1.2.Final}
2022-06-27 10:32:19.840  INFO 13548 --- [restartedMain] com.zaxxer.hikari.HikariDataSource       : HikariPool-1 - Starting...
2022-06-27 10:32:19.924  INFO 13548 --- [restartedMain] com.zaxxer.hikari.HikariDataSource       : HikariPool-1 - Start completed.
2022-06-27 10:32:19.956  INFO 13548 --- [restartedMain] org.hibernate.dialect.Dialect            : HHH000400: Using dialect: org.hibernate.dialect.MariaDB53Dialect
2022-06-27 10:32:20.756  INFO 13548 --- [restartedMain] o.h.e.t.j.p.i.JtaPlatformInitiator       : HHH000490: Using JtaPlatform implementation: [org.hibernate.engine.transaction.jta.platform.internal.NoJtaPlatform]
2022-06-27 10:32:20.763  INFO 13548 --- [restartedMain] j.LocalContainerEntityManagerFactoryBean : Initialized JPA EntityManagerFactory for persistence unit 'default'
2022-06-27 10:32:20.888 DEBUG 13548 --- [restartedMain] tor$SharedEntityManagerInvocationHandler : Creating new EntityManager for shared EntityManager invocation
2022-06-27 10:32:20.959 DEBUG 13548 --- [restartedMain] tor$SharedEntityManagerInvocationHandler : Creating new EntityManager for shared EntityManager invocation
2022-06-27 10:32:21.051 DEBUG 13548 --- [restartedMain] tor$SharedEntityManagerInvocationHandler : Creating new EntityManager for shared EntityManager invocation
2022-06-27 10:32:21.122 DEBUG 13548 --- [restartedMain] tor$SharedEntityManagerInvocationHandler : Creating new EntityManager for shared EntityManager invocation
2022-06-27 10:32:21.123 DEBUG 13548 --- [restartedMain] tor$SharedEntityManagerInvocationHandler : Creating new EntityManager for shared EntityManager invocation
2022-06-27 10:32:21.182 DEBUG 13548 --- [restartedMain] tor$SharedEntityManagerInvocationHandler : Creating new EntityManager for shared EntityManager invocation
2022-06-27 10:32:21.335  WARN 13548 --- [restartedMain] JpaBaseConfiguration$JpaWebConfiguration : spring.jpa.open-in-view is enabled by default. Therefore, database queries may be performed during view rendering. Explicitly configure spring.jpa.open-in-view to disable this warning
2022-06-27 10:32:21.372 DEBUG 13548 --- [restartedMain] tor$SharedEntityManagerInvocationHandler : Creating new EntityManager for shared EntityManager invocation
2022-06-27 10:32:21.373 DEBUG 13548 --- [restartedMain] tor$SharedEntityManagerInvocationHandler : Creating new EntityManager for shared EntityManager invocation
2022-06-27 10:32:21.387 DEBUG 13548 --- [restartedMain] tor$SharedEntityManagerInvocationHandler : Creating new EntityManager for shared EntityManager invocation
2022-06-27 10:32:21.397 DEBUG 13548 --- [restartedMain] tor$SharedEntityManagerInvocationHandler : Creating new EntityManager for shared EntityManager invocation
2022-06-27 10:32:21.398 DEBUG 13548 --- [restartedMain] tor$SharedEntityManagerInvocationHandler : Creating new EntityManager for shared EntityManager invocation
2022-06-27 10:32:21.414 DEBUG 13548 --- [restartedMain] tor$SharedEntityManagerInvocationHandler : Creating new EntityManager for shared EntityManager invocation
2022-06-27 10:32:21.611  INFO 13548 --- [restartedMain] o.s.s.web.DefaultSecurityFilterChain     : Will secure any request with [org.springframework.security.web.session.DisableEncodeUrlFilter@6496cfce, org.springframework.security.web.context.request.async.WebAsyncManagerIntegrationFilter@5f73e832, org.springframework.security.web.context.SecurityContextPersistenceFilter@3cfd74fa, org.springframework.security.web.header.HeaderWriterFilter@7462730e, org.springframework.security.web.csrf.CsrfFilter@5251182, org.springframework.security.web.authentication.logout.LogoutFilter@77753dd6, org.springframework.security.web.authentication.UsernamePasswordAuthenticationFilter@433eed8f, org.springframework.security.web.savedrequest.RequestCacheAwareFilter@7cf495f5, org.springframework.security.web.servletapi.SecurityContextHolderAwareRequestFilter@1edc8f1, org.springframework.security.web.authentication.AnonymousAuthenticationFilter@11d0345f, org.springframework.security.web.session.SessionManagementFilter@40671feb, org.springframework.security.web.access.ExceptionTranslationFilter@149e03, org.springframework.security.web.access.intercept.FilterSecurityInterceptor@58348598]
2022-06-27 10:32:21.825  INFO 13548 --- [restartedMain] o.s.b.a.w.s.WelcomePageHandlerMapping    : Adding welcome page template: index
2022-06-27 10:32:22.066  INFO 13548 --- [restartedMain] o.s.b.d.a.OptionalLiveReloadServer       : LiveReload server is running on port 35729
2022-06-27 10:32:22.104  INFO 13548 --- [restartedMain] o.s.b.w.embedded.tomcat.TomcatWebServer  : Tomcat started on port(s): 8080 (http) with context path ''
2022-06-27 10:32:22.115  INFO 13548 --- [restartedMain] o.c.c.CommonScentsApplication            : Started CommonScentsApplication in 5.324 seconds (JVM running for 5.867)
2022-06-27 11:51:43.085  INFO 10812 --- [restartedMain] o.c.c.CommonScentsApplication            : Starting CommonScentsApplication using Java 17.0.1 on DESKTOP-IE428IH with PID 10812 (C:\Users\CJ\Documents\eclipse-workspace\Common_Scents_Testing2\Common_Scents\target\classes started by CJ in C:\Users\CJ\Documents\eclipse-workspace\Common_Scents_Testing2\Common_Scents)
2022-06-27 11:51:43.087  INFO 10812 --- [restartedMain] o.c.c.CommonScentsApplication            : No active profile set, falling back to 1 default profile: "default"
2022-06-27 11:51:43.136  INFO 10812 --- [restartedMain] .e.DevToolsPropertyDefaultsPostProcessor : Devtools property defaults active! Set 'spring.devtools.add-properties' to 'false' to disable
2022-06-27 11:51:43.137  INFO 10812 --- [restartedMain] .e.DevToolsPropertyDefaultsPostProcessor : For additional web related logging consider setting the 'logging.level.web' property to 'DEBUG'
2022-06-27 11:51:43.960  INFO 10812 --- [restartedMain] .s.d.r.c.RepositoryConfigurationDelegate : Bootstrapping Spring Data JPA repositories in DEFAULT mode.
2022-06-27 11:51:44.056  INFO 10812 --- [restartedMain] .s.d.r.c.RepositoryConfigurationDelegate : Finished Spring Data repository scanning in 80 ms. Found 4 JPA repository interfaces.
2022-06-27 11:51:44.960  INFO 10812 --- [restartedMain] o.s.b.w.embedded.tomcat.TomcatWebServer  : Tomcat initialized with port(s): 8080 (http)
2022-06-27 11:51:44.973  INFO 10812 --- [restartedMain] o.apache.catalina.core.StandardService   : Starting service [Tomcat]
2022-06-27 11:51:44.973  INFO 10812 --- [restartedMain] org.apache.catalina.core.StandardEngine  : Starting Servlet engine: [Apache Tomcat/9.0.63]
2022-06-27 11:51:45.084  INFO 10812 --- [restartedMain] o.a.c.c.C.[Tomcat].[localhost].[/]       : Initializing Spring embedded WebApplicationContext
2022-06-27 11:51:45.085  INFO 10812 --- [restartedMain] w.s.c.ServletWebServerApplicationContext : Root WebApplicationContext: initialization completed in 1948 ms
2022-06-27 11:51:57.326  INFO 9384 --- [restartedMain] o.c.c.CommonScentsApplication            : Starting CommonScentsApplication using Java 17.0.1 on DESKTOP-IE428IH with PID 9384 (C:\Users\CJ\Documents\eclipse-workspace\Common_Scents_Testing2\Common_Scents\target\classes started by CJ in C:\Users\CJ\Documents\eclipse-workspace\Common_Scents_Testing2\Common_Scents)
2022-06-27 11:51:57.328  INFO 9384 --- [restartedMain] o.c.c.CommonScentsApplication            : No active profile set, falling back to 1 default profile: "default"
2022-06-27 11:51:57.384  INFO 9384 --- [restartedMain] .e.DevToolsPropertyDefaultsPostProcessor : Devtools property defaults active! Set 'spring.devtools.add-properties' to 'false' to disable
2022-06-27 11:51:57.385  INFO 9384 --- [restartedMain] .e.DevToolsPropertyDefaultsPostProcessor : For additional web related logging consider setting the 'logging.level.web' property to 'DEBUG'
2022-06-27 11:51:58.323  INFO 9384 --- [restartedMain] .s.d.r.c.RepositoryConfigurationDelegate : Bootstrapping Spring Data JPA repositories in DEFAULT mode.
2022-06-27 11:51:58.416  INFO 9384 --- [restartedMain] .s.d.r.c.RepositoryConfigurationDelegate : Finished Spring Data repository scanning in 75 ms. Found 4 JPA repository interfaces.
2022-06-27 11:51:59.332  INFO 9384 --- [restartedMain] o.s.b.w.embedded.tomcat.TomcatWebServer  : Tomcat initialized with port(s): 8080 (http)
2022-06-27 11:51:59.348  INFO 9384 --- [restartedMain] o.apache.catalina.core.StandardService   : Starting service [Tomcat]
2022-06-27 11:51:59.349  INFO 9384 --- [restartedMain] org.apache.catalina.core.StandardEngine  : Starting Servlet engine: [Apache Tomcat/9.0.63]
2022-06-27 11:51:59.461  INFO 9384 --- [restartedMain] o.a.c.c.C.[Tomcat].[localhost].[/]       : Initializing Spring embedded WebApplicationContext
2022-06-27 11:51:59.462  INFO 9384 --- [restartedMain] w.s.c.ServletWebServerApplicationContext : Root WebApplicationContext: initialization completed in 2075 ms
2022-06-27 11:51:59.601 DEBUG 9384 --- [restartedMain] j.LocalContainerEntityManagerFactoryBean : Building JPA container EntityManagerFactory for persistence unit 'default'
2022-06-27 11:51:59.625  INFO 9384 --- [restartedMain] o.hibernate.jpa.internal.util.LogHelper  : HHH000204: Processing PersistenceUnitInfo [name: default]
2022-06-27 11:51:59.672  INFO 9384 --- [restartedMain] org.hibernate.Version                    : HHH000412: Hibernate ORM core version 5.6.9.Final
2022-06-27 11:51:59.847  INFO 9384 --- [restartedMain] o.hibernate.annotations.common.Version   : HCANN000001: Hibernate Commons Annotations {5.1.2.Final}
2022-06-27 11:51:59.940  INFO 9384 --- [restartedMain] com.zaxxer.hikari.HikariDataSource       : HikariPool-1 - Starting...
2022-06-27 11:52:00.051  INFO 9384 --- [restartedMain] com.zaxxer.hikari.HikariDataSource       : HikariPool-1 - Start completed.
2022-06-27 11:52:00.079  INFO 9384 --- [restartedMain] org.hibernate.dialect.Dialect            : HHH000400: Using dialect: org.hibernate.dialect.MariaDB53Dialect
2022-06-27 11:52:00.870  INFO 9384 --- [restartedMain] o.h.e.t.j.p.i.JtaPlatformInitiator       : HHH000490: Using JtaPlatform implementation: [org.hibernate.engine.transaction.jta.platform.internal.NoJtaPlatform]
2022-06-27 11:52:00.877  INFO 9384 --- [restartedMain] j.LocalContainerEntityManagerFactoryBean : Initialized JPA EntityManagerFactory for persistence unit 'default'
2022-06-27 11:52:00.980 DEBUG 9384 --- [restartedMain] tor$SharedEntityManagerInvocationHandler : Creating new EntityManager for shared EntityManager invocation
2022-06-27 11:52:01.050 DEBUG 9384 --- [restartedMain] tor$SharedEntityManagerInvocationHandler : Creating new EntityManager for shared EntityManager invocation
2022-06-27 11:52:01.157 DEBUG 9384 --- [restartedMain] tor$SharedEntityManagerInvocationHandler : Creating new EntityManager for shared EntityManager invocation
2022-06-27 11:52:01.245 DEBUG 9384 --- [restartedMain] tor$SharedEntityManagerInvocationHandler : Creating new EntityManager for shared EntityManager invocation
2022-06-27 11:52:01.247 DEBUG 9384 --- [restartedMain] tor$SharedEntityManagerInvocationHandler : Creating new EntityManager for shared EntityManager invocation
2022-06-27 11:52:01.336 DEBUG 9384 --- [restartedMain] tor$SharedEntityManagerInvocationHandler : Creating new EntityManager for shared EntityManager invocation
2022-06-27 11:52:01.490  WARN 9384 --- [restartedMain] JpaBaseConfiguration$JpaWebConfiguration : spring.jpa.open-in-view is enabled by default. Therefore, database queries may be performed during view rendering. Explicitly configure spring.jpa.open-in-view to disable this warning
2022-06-27 11:52:01.521 DEBUG 9384 --- [restartedMain] tor$SharedEntityManagerInvocationHandler : Creating new EntityManager for shared EntityManager invocation
2022-06-27 11:52:01.522 DEBUG 9384 --- [restartedMain] tor$SharedEntityManagerInvocationHandler : Creating new EntityManager for shared EntityManager invocation
2022-06-27 11:52:01.536 DEBUG 9384 --- [restartedMain] tor$SharedEntityManagerInvocationHandler : Creating new EntityManager for shared EntityManager invocation
2022-06-27 11:52:01.546 DEBUG 9384 --- [restartedMain] tor$SharedEntityManagerInvocationHandler : Creating new EntityManager for shared EntityManager invocation
2022-06-27 11:52:01.547 DEBUG 9384 --- [restartedMain] tor$SharedEntityManagerInvocationHandler : Creating new EntityManager for shared EntityManager invocation
2022-06-27 11:52:01.562 DEBUG 9384 --- [restartedMain] tor$SharedEntityManagerInvocationHandler : Creating new EntityManager for shared EntityManager invocation
2022-06-27 11:52:01.718  INFO 9384 --- [restartedMain] o.s.s.web.DefaultSecurityFilterChain     : Will secure any request with [org.springframework.security.web.session.DisableEncodeUrlFilter@31672381, org.springframework.security.web.context.request.async.WebAsyncManagerIntegrationFilter@148b4c30, org.springframework.security.web.context.SecurityContextPersistenceFilter@38e45ee6, org.springframework.security.web.header.HeaderWriterFilter@1bc90c8c, org.springframework.security.web.csrf.CsrfFilter@a3f9734, org.springframework.security.web.authentication.logout.LogoutFilter@7cab0702, org.springframework.security.web.authentication.UsernamePasswordAuthenticationFilter@36c82299, org.springframework.security.web.savedrequest.RequestCacheAwareFilter@7e12535a, org.springframework.security.web.servletapi.SecurityContextHolderAwareRequestFilter@4d15d679, org.springframework.security.web.authentication.AnonymousAuthenticationFilter@3a72c62e, org.springframework.security.web.session.SessionManagementFilter@6a986043, org.springframework.security.web.access.ExceptionTranslationFilter@7cf495f5, org.springframework.security.web.access.intercept.FilterSecurityInterceptor@11d0345f]
2022-06-27 11:52:01.898  INFO 9384 --- [restartedMain] o.s.b.a.w.s.WelcomePageHandlerMapping    : Adding welcome page template: index
2022-06-27 11:52:02.136  INFO 9384 --- [restartedMain] o.s.b.d.a.OptionalLiveReloadServer       : LiveReload server is running on port 35729
2022-06-27 11:52:02.171  INFO 9384 --- [restartedMain] o.s.b.w.embedded.tomcat.TomcatWebServer  : Tomcat started on port(s): 8080 (http) with context path ''
2022-06-27 11:52:02.183  INFO 9384 --- [restartedMain] o.c.c.CommonScentsApplication            : Started CommonScentsApplication in 5.286 seconds (JVM running for 5.768)
2022-06-27 11:52:07.767  INFO 9384 --- [http-nio-8080-exec-2] o.a.c.c.C.[Tomcat].[localhost].[/]       : Initializing Spring DispatcherServlet 'dispatcherServlet'
2022-06-27 11:52:07.767  INFO 9384 --- [http-nio-8080-exec-2] o.s.web.servlet.DispatcherServlet        : Initializing Servlet 'dispatcherServlet'
2022-06-27 11:52:07.768  INFO 9384 --- [http-nio-8080-exec-2] o.s.web.servlet.DispatcherServlet        : Completed initialization in 1 ms
2022-06-27 11:52:07.799 DEBUG 9384 --- [http-nio-8080-exec-2] o.j.s.OpenEntityManagerInViewInterceptor : Opening JPA EntityManager in OpenEntityManagerInViewInterceptor
2022-06-27 11:52:08.052 DEBUG 9384 --- [http-nio-8080-exec-2] o.j.s.OpenEntityManagerInViewInterceptor : Closing JPA EntityManager in OpenEntityManagerInViewInterceptor
2022-06-27 11:52:08.142 DEBUG 9384 --- [http-nio-8080-exec-3] o.j.s.OpenEntityManagerInViewInterceptor : Opening JPA EntityManager in OpenEntityManagerInViewInterceptor
2022-06-27 11:52:08.142 DEBUG 9384 --- [http-nio-8080-exec-1] o.j.s.OpenEntityManagerInViewInterceptor : Opening JPA EntityManager in OpenEntityManagerInViewInterceptor
2022-06-27 11:52:08.154 DEBUG 9384 --- [http-nio-8080-exec-4] o.j.s.OpenEntityManagerInViewInterceptor : Opening JPA EntityManager in OpenEntityManagerInViewInterceptor
2022-06-27 11:52:08.154 DEBUG 9384 --- [http-nio-8080-exec-5] o.j.s.OpenEntityManagerInViewInterceptor : Opening JPA EntityManager in OpenEntityManagerInViewInterceptor
2022-06-27 11:52:08.157 DEBUG 9384 --- [http-nio-8080-exec-3] o.j.s.OpenEntityManagerInViewInterceptor : Closing JPA EntityManager in OpenEntityManagerInViewInterceptor
2022-06-27 11:52:08.161 DEBUG 9384 --- [http-nio-8080-exec-1] o.j.s.OpenEntityManagerInViewInterceptor : Closing JPA EntityManager in OpenEntityManagerInViewInterceptor
2022-06-27 11:52:08.162 DEBUG 9384 --- [http-nio-8080-exec-5] o.j.s.OpenEntityManagerInViewInterceptor : Closing JPA EntityManager in OpenEntityManagerInViewInterceptor
2022-06-27 11:52:08.162 DEBUG 9384 --- [http-nio-8080-exec-4] o.j.s.OpenEntityManagerInViewInterceptor : Closing JPA EntityManager in OpenEntityManagerInViewInterceptor
2022-06-27 11:52:08.165 DEBUG 9384 --- [http-nio-8080-exec-8] o.j.s.OpenEntityManagerInViewInterceptor : Opening JPA EntityManager in OpenEntityManagerInViewInterceptor
2022-06-27 11:52:08.167 DEBUG 9384 --- [http-nio-8080-exec-7] o.j.s.OpenEntityManagerInViewInterceptor : Opening JPA EntityManager in OpenEntityManagerInViewInterceptor
2022-06-27 11:52:08.167 DEBUG 9384 --- [http-nio-8080-exec-5] o.j.s.OpenEntityManagerInViewInterceptor : Opening JPA EntityManager in OpenEntityManagerInViewInterceptor
2022-06-27 11:52:08.169 DEBUG 9384 --- [http-nio-8080-exec-1] o.j.s.OpenEntityManagerInViewInterceptor : Opening JPA EntityManager in OpenEntityManagerInViewInterceptor
2022-06-27 11:52:08.167 DEBUG 9384 --- [http-nio-8080-exec-6] o.j.s.OpenEntityManagerInViewInterceptor : Opening JPA EntityManager in OpenEntityManagerInViewInterceptor
2022-06-27 11:52:08.170 DEBUG 9384 --- [http-nio-8080-exec-4] o.j.s.OpenEntityManagerInViewInterceptor : Opening JPA EntityManager in OpenEntityManagerInViewInterceptor
2022-06-27 11:52:08.173 DEBUG 9384 --- [http-nio-8080-exec-4] o.j.s.OpenEntityManagerInViewInterceptor : Closing JPA EntityManager in OpenEntityManagerInViewInterceptor
2022-06-27 11:52:08.175 DEBUG 9384 --- [http-nio-8080-exec-8] o.j.s.OpenEntityManagerInViewInterceptor : Closing JPA EntityManager in OpenEntityManagerInViewInterceptor
2022-06-27 11:52:08.176 DEBUG 9384 --- [http-nio-8080-exec-4] o.j.s.OpenEntityManagerInViewInterceptor : Opening JPA EntityManager in OpenEntityManagerInViewInterceptor
2022-06-27 11:52:08.178 DEBUG 9384 --- [http-nio-8080-exec-8] o.j.s.OpenEntityManagerInViewInterceptor : Opening JPA EntityManager in OpenEntityManagerInViewInterceptor
2022-06-27 11:52:08.181 DEBUG 9384 --- [http-nio-8080-exec-1] o.j.s.OpenEntityManagerInViewInterceptor : Closing JPA EntityManager in OpenEntityManagerInViewInterceptor
2022-06-27 11:52:08.187 DEBUG 9384 --- [http-nio-8080-exec-1] o.j.s.OpenEntityManagerInViewInterceptor : Opening JPA EntityManager in OpenEntityManagerInViewInterceptor
2022-06-27 11:52:08.190 DEBUG 9384 --- [http-nio-8080-exec-6] o.j.s.OpenEntityManagerInViewInterceptor : Closing JPA EntityManager in OpenEntityManagerInViewInterceptor
2022-06-27 11:52:08.194 DEBUG 9384 --- [http-nio-8080-exec-8] o.j.s.OpenEntityManagerInViewInterceptor : Closing JPA EntityManager in OpenEntityManagerInViewInterceptor
2022-06-27 11:52:08.198 DEBUG 9384 --- [http-nio-8080-exec-6] o.j.s.OpenEntityManagerInViewInterceptor : Opening JPA EntityManager in OpenEntityManagerInViewInterceptor
2022-06-27 11:52:08.200 DEBUG 9384 --- [http-nio-8080-exec-1] o.j.s.OpenEntityManagerInViewInterceptor : Closing JPA EntityManager in OpenEntityManagerInViewInterceptor
2022-06-27 11:52:08.206 DEBUG 9384 --- [http-nio-8080-exec-7] o.j.s.OpenEntityManagerInViewInterceptor : Closing JPA EntityManager in OpenEntityManagerInViewInterceptor
2022-06-27 11:52:08.211 DEBUG 9384 --- [http-nio-8080-exec-7] o.j.s.OpenEntityManagerInViewInterceptor : Opening JPA EntityManager in OpenEntityManagerInViewInterceptor
2022-06-27 11:52:08.214 DEBUG 9384 --- [http-nio-8080-exec-6] o.j.s.OpenEntityManagerInViewInterceptor : Closing JPA EntityManager in OpenEntityManagerInViewInterceptor
2022-06-27 11:52:08.219 DEBUG 9384 --- [http-nio-8080-exec-7] o.j.s.OpenEntityManagerInViewInterceptor : Closing JPA EntityManager in OpenEntityManagerInViewInterceptor
2022-06-27 11:52:08.221 DEBUG 9384 --- [http-nio-8080-exec-5] o.j.s.OpenEntityManagerInViewInterceptor : Closing JPA EntityManager in OpenEntityManagerInViewInterceptor
2022-06-27 11:52:08.648 DEBUG 9384 --- [http-nio-8080-exec-9] o.j.s.OpenEntityManagerInViewInterceptor : Opening JPA EntityManager in OpenEntityManagerInViewInterceptor
2022-06-27 11:52:08.673 DEBUG 9384 --- [http-nio-8080-exec-9] o.j.s.OpenEntityManagerInViewInterceptor : Closing JPA EntityManager in OpenEntityManagerInViewInterceptor
2022-06-27 11:52:08.814 DEBUG 9384 --- [http-nio-8080-exec-4] o.j.s.OpenEntityManagerInViewInterceptor : Closing JPA EntityManager in OpenEntityManagerInViewInterceptor
2022-06-27 11:52:09.045 DEBUG 9384 --- [http-nio-8080-exec-10] o.j.s.OpenEntityManagerInViewInterceptor : Opening JPA EntityManager in OpenEntityManagerInViewInterceptor
2022-06-27 11:52:09.083 DEBUG 9384 --- [http-nio-8080-exec-10] o.j.s.OpenEntityManagerInViewInterceptor : Closing JPA EntityManager in OpenEntityManagerInViewInterceptor
2022-06-27 11:52:12.996 DEBUG 9384 --- [http-nio-8080-exec-3] o.j.s.OpenEntityManagerInViewInterceptor : Opening JPA EntityManager in OpenEntityManagerInViewInterceptor
2022-06-27 11:52:13.010 DEBUG 9384 --- [http-nio-8080-exec-3] o.j.s.OpenEntityManagerInViewInterceptor : Closing JPA EntityManager in OpenEntityManagerInViewInterceptor
2022-06-27 11:52:13.078 DEBUG 9384 --- [http-nio-8080-exec-8] o.j.s.OpenEntityManagerInViewInterceptor : Opening JPA EntityManager in OpenEntityManagerInViewInterceptor
2022-06-27 11:52:13.079 DEBUG 9384 --- [http-nio-8080-exec-1] o.j.s.OpenEntityManagerInViewInterceptor : Opening JPA EntityManager in OpenEntityManagerInViewInterceptor
2022-06-27 11:52:13.080 DEBUG 9384 --- [http-nio-8080-exec-6] o.j.s.OpenEntityManagerInViewInterceptor : Opening JPA EntityManager in OpenEntityManagerInViewInterceptor
2022-06-27 11:52:13.081 DEBUG 9384 --- [http-nio-8080-exec-1] o.j.s.OpenEntityManagerInViewInterceptor : Closing JPA EntityManager in OpenEntityManagerInViewInterceptor
2022-06-27 11:52:13.082 DEBUG 9384 --- [http-nio-8080-exec-8] o.j.s.OpenEntityManagerInViewInterceptor : Closing JPA EntityManager in OpenEntityManagerInViewInterceptor
2022-06-27 11:52:13.082 DEBUG 9384 --- [http-nio-8080-exec-6] o.j.s.OpenEntityManagerInViewInterceptor : Closing JPA EntityManager in OpenEntityManagerInViewInterceptor
2022-06-27 11:52:13.083 DEBUG 9384 --- [http-nio-8080-exec-7] o.j.s.OpenEntityManagerInViewInterceptor : Opening JPA EntityManager in OpenEntityManagerInViewInterceptor
2022-06-27 11:52:13.088 DEBUG 9384 --- [http-nio-8080-exec-7] o.j.s.OpenEntityManagerInViewInterceptor : Closing JPA EntityManager in OpenEntityManagerInViewInterceptor
2022-06-27 11:52:17.619 DEBUG 9384 --- [http-nio-8080-exec-5] tor$SharedEntityManagerInvocationHandler : Creating new EntityManager for shared EntityManager invocation
2022-06-27 11:52:17.619 DEBUG 9384 --- [http-nio-8080-exec-5] tor$SharedEntityManagerInvocationHandler : Creating new EntityManager for shared EntityManager invocation
2022-06-27 11:52:17.748 DEBUG 9384 --- [http-nio-8080-exec-9] o.j.s.OpenEntityManagerInViewInterceptor : Opening JPA EntityManager in OpenEntityManagerInViewInterceptor
2022-06-27 11:52:17.754 DEBUG 9384 --- [http-nio-8080-exec-9] o.j.s.OpenEntityManagerInViewInterceptor : Closing JPA EntityManager in OpenEntityManagerInViewInterceptor
2022-06-27 11:52:17.845 DEBUG 9384 --- [http-nio-8080-exec-10] o.j.s.OpenEntityManagerInViewInterceptor : Opening JPA EntityManager in OpenEntityManagerInViewInterceptor
2022-06-27 11:52:17.848 DEBUG 9384 --- [http-nio-8080-exec-10] o.j.s.OpenEntityManagerInViewInterceptor : Closing JPA EntityManager in OpenEntityManagerInViewInterceptor
2022-06-27 11:52:17.847 DEBUG 9384 --- [http-nio-8080-exec-2] o.j.s.OpenEntityManagerInViewInterceptor : Opening JPA EntityManager in OpenEntityManagerInViewInterceptor
2022-06-27 11:52:17.847 DEBUG 9384 --- [http-nio-8080-exec-4] o.j.s.OpenEntityManagerInViewInterceptor : Opening JPA EntityManager in OpenEntityManagerInViewInterceptor
2022-06-27 11:52:17.850 DEBUG 9384 --- [http-nio-8080-exec-3] o.j.s.OpenEntityManagerInViewInterceptor : Opening JPA EntityManager in OpenEntityManagerInViewInterceptor
2022-06-27 11:52:17.853 DEBUG 9384 --- [http-nio-8080-exec-2] o.j.s.OpenEntityManagerInViewInterceptor : Closing JPA EntityManager in OpenEntityManagerInViewInterceptor
2022-06-27 11:52:17.853 DEBUG 9384 --- [http-nio-8080-exec-3] o.j.s.OpenEntityManagerInViewInterceptor : Closing JPA EntityManager in OpenEntityManagerInViewInterceptor
2022-06-27 11:52:17.853 DEBUG 9384 --- [http-nio-8080-exec-4] o.j.s.OpenEntityManagerInViewInterceptor : Closing JPA EntityManager in OpenEntityManagerInViewInterceptor
2022-06-27 11:52:17.999 DEBUG 9384 --- [http-nio-8080-exec-1] o.j.s.OpenEntityManagerInViewInterceptor : Opening JPA EntityManager in OpenEntityManagerInViewInterceptor
2022-06-27 11:52:18.003 DEBUG 9384 --- [http-nio-8080-exec-1] o.j.s.OpenEntityManagerInViewInterceptor : Closing JPA EntityManager in OpenEntityManagerInViewInterceptor
2022-06-27 11:52:30.150 DEBUG 9384 --- [http-nio-8080-exec-6] tor$SharedEntityManagerInvocationHandler : Creating new EntityManager for shared EntityManager invocation
2022-06-27 11:52:30.151 DEBUG 9384 --- [http-nio-8080-exec-6] tor$SharedEntityManagerInvocationHandler : Creating new EntityManager for shared EntityManager invocation
2022-06-27 11:52:30.223 DEBUG 9384 --- [http-nio-8080-exec-8] o.j.s.OpenEntityManagerInViewInterceptor : Opening JPA EntityManager in OpenEntityManagerInViewInterceptor
2022-06-27 11:52:30.228 DEBUG 9384 --- [http-nio-8080-exec-8] o.j.s.OpenEntityManagerInViewInterceptor : Closing JPA EntityManager in OpenEntityManagerInViewInterceptor
2022-06-27 11:52:30.296 DEBUG 9384 --- [http-nio-8080-exec-7] o.j.s.OpenEntityManagerInViewInterceptor : Opening JPA EntityManager in OpenEntityManagerInViewInterceptor
2022-06-27 11:52:30.297 DEBUG 9384 --- [http-nio-8080-exec-5] o.j.s.OpenEntityManagerInViewInterceptor : Opening JPA EntityManager in OpenEntityManagerInViewInterceptor
2022-06-27 11:52:30.298 DEBUG 9384 --- [http-nio-8080-exec-9] o.j.s.OpenEntityManagerInViewInterceptor : Opening JPA EntityManager in OpenEntityManagerInViewInterceptor
2022-06-27 11:52:30.299 DEBUG 9384 --- [http-nio-8080-exec-7] o.j.s.OpenEntityManagerInViewInterceptor : Closing JPA EntityManager in OpenEntityManagerInViewInterceptor
2022-06-27 11:52:30.299 DEBUG 9384 --- [http-nio-8080-exec-5] o.j.s.OpenEntityManagerInViewInterceptor : Closing JPA EntityManager in OpenEntityManagerInViewInterceptor
2022-06-27 11:52:30.300 DEBUG 9384 --- [http-nio-8080-exec-9] o.j.s.OpenEntityManagerInViewInterceptor : Closing JPA EntityManager in OpenEntityManagerInViewInterceptor
2022-06-27 11:52:30.304 DEBUG 9384 --- [http-nio-8080-exec-10] o.j.s.OpenEntityManagerInViewInterceptor : Opening JPA EntityManager in OpenEntityManagerInViewInterceptor
2022-06-27 11:52:30.307 DEBUG 9384 --- [http-nio-8080-exec-10] o.j.s.OpenEntityManagerInViewInterceptor : Closing JPA EntityManager in OpenEntityManagerInViewInterceptor
2022-06-27 11:52:30.452 DEBUG 9384 --- [http-nio-8080-exec-2] o.j.s.OpenEntityManagerInViewInterceptor : Opening JPA EntityManager in OpenEntityManagerInViewInterceptor
2022-06-27 11:52:30.455 DEBUG 9384 --- [http-nio-8080-exec-2] o.j.s.OpenEntityManagerInViewInterceptor : Closing JPA EntityManager in OpenEntityManagerInViewInterceptor
2022-06-27 11:52:49.612 DEBUG 9384 --- [http-nio-8080-exec-4] tor$SharedEntityManagerInvocationHandler : Creating new EntityManager for shared EntityManager invocation
2022-06-27 11:52:49.613 DEBUG 9384 --- [http-nio-8080-exec-4] tor$SharedEntityManagerInvocationHandler : Creating new EntityManager for shared EntityManager invocation
2022-06-27 11:52:49.725 DEBUG 9384 --- [http-nio-8080-exec-3] o.j.s.OpenEntityManagerInViewInterceptor : Opening JPA EntityManager in OpenEntityManagerInViewInterceptor
2022-06-27 11:52:49.726 DEBUG 9384 --- [http-nio-8080-exec-3] o.j.s.OpenEntityManagerInViewInterceptor : Closing JPA EntityManager in OpenEntityManagerInViewInterceptor
2022-06-27 11:52:49.736 DEBUG 9384 --- [http-nio-8080-exec-3] o.j.s.OpenEntityManagerInViewInterceptor : Opening JPA EntityManager in OpenEntityManagerInViewInterceptor
2022-06-27 11:52:49.740 DEBUG 9384 --- [http-nio-8080-exec-3] o.j.s.OpenEntityManagerInViewInterceptor : Closing JPA EntityManager in OpenEntityManagerInViewInterceptor
2022-06-27 11:52:49.811 DEBUG 9384 --- [http-nio-8080-exec-1] o.j.s.OpenEntityManagerInViewInterceptor : Opening JPA EntityManager in OpenEntityManagerInViewInterceptor
2022-06-27 11:52:49.812 DEBUG 9384 --- [http-nio-8080-exec-6] o.j.s.OpenEntityManagerInViewInterceptor : Opening JPA EntityManager in OpenEntityManagerInViewInterceptor
2022-06-27 11:52:49.813 DEBUG 9384 --- [http-nio-8080-exec-1] o.j.s.OpenEntityManagerInViewInterceptor : Closing JPA EntityManager in OpenEntityManagerInViewInterceptor
2022-06-27 11:52:49.813 DEBUG 9384 --- [http-nio-8080-exec-6] o.j.s.OpenEntityManagerInViewInterceptor : Closing JPA EntityManager in OpenEntityManagerInViewInterceptor
2022-06-27 11:52:49.916 DEBUG 9384 --- [http-nio-8080-exec-8] o.j.s.OpenEntityManagerInViewInterceptor : Opening JPA EntityManager in OpenEntityManagerInViewInterceptor
2022-06-27 11:52:49.921 DEBUG 9384 --- [http-nio-8080-exec-8] o.j.s.OpenEntityManagerInViewInterceptor : Closing JPA EntityManager in OpenEntityManagerInViewInterceptor
2022-06-27 11:53:19.214 DEBUG 9384 --- [http-nio-8080-exec-10] o.j.s.OpenEntityManagerInViewInterceptor : Opening JPA EntityManager in OpenEntityManagerInViewInterceptor
2022-06-27 11:53:19.217 DEBUG 9384 --- [http-nio-8080-exec-10] o.j.s.OpenEntityManagerInViewInterceptor : Closing JPA EntityManager in OpenEntityManagerInViewInterceptor
2022-06-27 11:53:19.218 DEBUG 9384 --- [http-nio-8080-exec-10] o.j.s.OpenEntityManagerInViewInterceptor : Opening JPA EntityManager in OpenEntityManagerInViewInterceptor
2022-06-27 11:53:19.220 DEBUG 9384 --- [http-nio-8080-exec-10] o.j.s.OpenEntityManagerInViewInterceptor : Closing JPA EntityManager in OpenEntityManagerInViewInterceptor
2022-06-27 11:53:19.257 DEBUG 9384 --- [http-nio-8080-exec-4] o.j.s.OpenEntityManagerInViewInterceptor : Opening JPA EntityManager in OpenEntityManagerInViewInterceptor
2022-06-27 11:53:19.257 DEBUG 9384 --- [http-nio-8080-exec-2] o.j.s.OpenEntityManagerInViewInterceptor : Opening JPA EntityManager in OpenEntityManagerInViewInterceptor
2022-06-27 11:53:19.259 DEBUG 9384 --- [http-nio-8080-exec-4] o.j.s.OpenEntityManagerInViewInterceptor : Closing JPA EntityManager in OpenEntityManagerInViewInterceptor
2022-06-27 11:53:19.259 DEBUG 9384 --- [http-nio-8080-exec-2] o.j.s.OpenEntityManagerInViewInterceptor : Closing JPA EntityManager in OpenEntityManagerInViewInterceptor
